Flow report for Micro
Wed Apr 19 18:40:46 2023
Quartus Prime Version 17.1.0 Build 590 10/25/2017 SJ Lite Edition


---------------------
; Table of Contents ;
---------------------
  1. Legal Notice
  2. Flow Summary
  3. Flow Settings
  4. Flow Non-Default Global Settings
  5. Flow Elapsed Time
  6. Flow OS Summary
  7. Flow Log
  8. Flow Messages
  9. Flow Suppressed Messages



----------------
; Legal Notice ;
----------------
Copyright (C) 2017  Intel Corporation. All rights reserved.
Your use of Intel Corporation's design tools, logic functions 
and other software and tools, and its AMPP partner logic 
functions, and any output files from any of the foregoing 
(including device programming or simulation files), and any 
associated documentation or information are expressly subject 
to the terms and conditions of the Intel Program License 
Subscription Agreement, the Intel Quartus Prime License Agreement,
the Intel FPGA IP License Agreement, or other applicable license
agreement, including, without limitation, that your use is for
the sole purpose of programming logic devices manufactured by
Intel and sold by Intel or its authorized distributors.  Please
refer to the applicable agreement for further details.



+----------------------------------------------------------------------------------+
; Flow Summary                                                                     ;
+------------------------------------+---------------------------------------------+
; Flow Status                        ; Successful - Wed Apr 19 18:40:46 2023       ;
; Quartus Prime Version              ; 17.1.0 Build 590 10/25/2017 SJ Lite Edition ;
; Revision Name                      ; Micro                                       ;
; Top-level Entity Name              ; top_verif                                   ;
; Family                             ; Cyclone IV E                                ;
; Device                             ; EP4CE115F29C7                               ;
; Timing Models                      ; Final                                       ;
; Total logic elements               ; 2,630 / 114,480 ( 2 % )                     ;
;     Total combinational functions  ; 2,585 / 114,480 ( 2 % )                     ;
;     Dedicated logic registers      ; 1,224 / 114,480 ( 1 % )                     ;
; Total registers                    ; 1224                                        ;
; Total pins                         ; 62 / 529 ( 12 % )                           ;
; Total virtual pins                 ; 0                                           ;
; Total memory bits                  ; 0 / 3,981,312 ( 0 % )                       ;
; Embedded Multiplier 9-bit elements ; 0 / 532 ( 0 % )                             ;
; Total PLLs                         ; 0 / 4 ( 0 % )                               ;
+------------------------------------+---------------------------------------------+


+-----------------------------------------+
; Flow Settings                           ;
+-------------------+---------------------+
; Option            ; Setting             ;
+-------------------+---------------------+
; Start date & time ; 04/19/2023 18:39:58 ;
; Main task         ; Compilation         ;
; Revision Name     ; Micro               ;
+-------------------+---------------------+


+--------------------------------------------------------------------------------------------------------------------------------+
; Flow Non-Default Global Settings                                                                                               ;
+----------------------------------------+----------------------------------------+---------------+-------------+----------------+
; Assignment Name                        ; Value                                  ; Default Value ; Entity Name ; Section Id     ;
+----------------------------------------+----------------------------------------+---------------+-------------+----------------+
; COMPILER_SIGNATURE_ID                  ; 238300913558599.168192239833556        ; --            ; --          ; --             ;
; EDA_DESIGN_INSTANCE_NAME               ; NA                                     ; --            ; --          ; ROM_tb         ;
; EDA_DESIGN_INSTANCE_NAME               ; NA                                     ; --            ; --          ; ImmGen_tb      ;
; EDA_DESIGN_INSTANCE_NAME               ; NA                                     ; --            ; --          ; tb_MUX         ;
; EDA_DESIGN_INSTANCE_NAME               ; NA                                     ; --            ; --          ; tb_memoriaRAM  ;
; EDA_DESIGN_INSTANCE_NAME               ; NA                                     ; --            ; --          ; tb_control     ;
; EDA_DESIGN_INSTANCE_NAME               ; NA                                     ; --            ; --          ; micro_tb       ;
; EDA_DESIGN_INSTANCE_NAME               ; NA                                     ; --            ; --          ; registers_tb   ;
; EDA_DESIGN_INSTANCE_NAME               ; NA                                     ; --            ; --          ; alu_tb         ;
; EDA_DESIGN_INSTANCE_NAME               ; NA                                     ; --            ; --          ; tb_regPC       ;
; EDA_NATIVELINK_SIMULATION_SETUP_SCRIPT ; simulation/script.txt                  ; --            ; --          ; eda_simulation ;
; EDA_NATIVELINK_SIMULATION_TEST_BENCH   ; micro_tb                               ; --            ; --          ; eda_simulation ;
; EDA_OUTPUT_DATA_FORMAT                 ; Systemverilog Hdl                      ; --            ; --          ; eda_simulation ;
; EDA_SIMULATION_TOOL                    ; QuestaSim (SystemVerilog)              ; <None>        ; --          ; --             ;
; EDA_TEST_BENCH_ENABLE_STATUS           ; TEST_BENCH_MODE                        ; --            ; --          ; eda_simulation ;
; EDA_TEST_BENCH_FILE                    ; simulation/ROM_tb.sv                   ; --            ; --          ; ROM_tb         ;
; EDA_TEST_BENCH_FILE                    ; simulation/ImmGen_tb.sv                ; --            ; --          ; ImmGen_tb      ;
; EDA_TEST_BENCH_FILE                    ; simulation/tb_MUX.sv                   ; --            ; --          ; tb_MUX         ;
; EDA_TEST_BENCH_FILE                    ; simulation/tb_memoriaRAM.sv            ; --            ; --          ; tb_memoriaRAM  ;
; EDA_TEST_BENCH_FILE                    ; simulation/tb_control.sv               ; --            ; --          ; tb_control     ;
; EDA_TEST_BENCH_FILE                    ; simulation/micro_tb.sv                 ; --            ; --          ; micro_tb       ;
; EDA_TEST_BENCH_FILE                    ; simulation/registers_tb.sv             ; --            ; --          ; registers_tb   ;
; EDA_TEST_BENCH_FILE                    ; simulation/alu_tb.sv                   ; --            ; --          ; alu_tb         ;
; EDA_TEST_BENCH_FILE                    ; simulation/tb_regPC.sv                 ; --            ; --          ; tb_regPC       ;
; EDA_TEST_BENCH_MODULE_NAME             ; ROM_tb                                 ; --            ; --          ; ROM_tb         ;
; EDA_TEST_BENCH_MODULE_NAME             ; ImmGen_tb                              ; --            ; --          ; ImmGen_tb      ;
; EDA_TEST_BENCH_MODULE_NAME             ; tb_MUX                                 ; --            ; --          ; tb_MUX         ;
; EDA_TEST_BENCH_MODULE_NAME             ; tb_memoriaRAM                          ; --            ; --          ; tb_memoriaRAM  ;
; EDA_TEST_BENCH_MODULE_NAME             ; tb_control                             ; --            ; --          ; tb_control     ;
; EDA_TEST_BENCH_MODULE_NAME             ; micro_tb                               ; --            ; --          ; micro_tb       ;
; EDA_TEST_BENCH_MODULE_NAME             ; registers_tb                           ; --            ; --          ; registers_tb   ;
; EDA_TEST_BENCH_MODULE_NAME             ; alu_tb                                 ; --            ; --          ; alu_tb         ;
; EDA_TEST_BENCH_MODULE_NAME             ; tb_regPC                               ; --            ; --          ; tb_regPC       ;
; EDA_TEST_BENCH_NAME                    ; alu_tb                                 ; --            ; --          ; eda_simulation ;
; EDA_TEST_BENCH_NAME                    ; registers_tb                           ; --            ; --          ; eda_simulation ;
; EDA_TEST_BENCH_NAME                    ; tb_memoriaRAM                          ; --            ; --          ; eda_simulation ;
; EDA_TEST_BENCH_NAME                    ; ROM_tb                                 ; --            ; --          ; eda_simulation ;
; EDA_TEST_BENCH_NAME                    ; ImmGen_tb                              ; --            ; --          ; eda_simulation ;
; EDA_TEST_BENCH_NAME                    ; tb_control                             ; --            ; --          ; eda_simulation ;
; EDA_TEST_BENCH_NAME                    ; tb_regPC                               ; --            ; --          ; eda_simulation ;
; EDA_TEST_BENCH_NAME                    ; tb_MUX                                 ; --            ; --          ; eda_simulation ;
; EDA_TEST_BENCH_NAME                    ; micro_tb                               ; --            ; --          ; eda_simulation ;
; EDA_TIME_SCALE                         ; 1 ns                                   ; --            ; --          ; eda_simulation ;
; MAX_CORE_JUNCTION_TEMP                 ; 85                                     ; --            ; --          ; --             ;
; MIN_CORE_JUNCTION_TEMP                 ; 0                                      ; --            ; --          ; --             ;
; NOMINAL_CORE_SUPPLY_VOLTAGE            ; 1.2V                                   ; --            ; --          ; --             ;
; PARTITION_COLOR                        ; -- (Not supported for targeted family) ; --            ; top_verif   ; Top            ;
; PARTITION_FITTER_PRESERVATION_LEVEL    ; -- (Not supported for targeted family) ; --            ; top_verif   ; Top            ;
; PARTITION_NETLIST_TYPE                 ; -- (Not supported for targeted family) ; --            ; top_verif   ; Top            ;
; POWER_BOARD_THERMAL_MODEL              ; None (CONSERVATIVE)                    ; --            ; --          ; --             ;
; POWER_PRESET_COOLING_SOLUTION          ; 23 MM HEAT SINK WITH 200 LFPM AIRFLOW  ; --            ; --          ; --             ;
; PROJECT_OUTPUT_DIRECTORY               ; output_files                           ; --            ; --          ; --             ;
; TOP_LEVEL_ENTITY                       ; top_verif                              ; Micro         ; --          ; --             ;
+----------------------------------------+----------------------------------------+---------------+-------------+----------------+


+-------------------------------------------------------------------------------------------------------------------------------+
; Flow Elapsed Time                                                                                                             ;
+---------------------------+--------------+-------------------------+---------------------+------------------------------------+
; Module Name               ; Elapsed Time ; Average Processors Used ; Peak Virtual Memory ; Total CPU Time (on all processors) ;
+---------------------------+--------------+-------------------------+---------------------+------------------------------------+
; Analysis & Synthesis      ; 00:00:14     ; 1.0                     ; 4857 MB             ; 00:00:21                           ;
; Fitter                    ; 00:00:20     ; 1.1                     ; 6380 MB             ; 00:00:44                           ;
; Assembler                 ; 00:00:02     ; 1.0                     ; 4688 MB             ; 00:00:02                           ;
; TimeQuest Timing Analyzer ; 00:00:05     ; 2.9                     ; 4996 MB             ; 00:00:08                           ;
; EDA Netlist Writer        ; 00:00:03     ; 1.0                     ; 4678 MB             ; 00:00:03                           ;
; Total                     ; 00:00:44     ; --                      ; --                  ; 00:01:18                           ;
+---------------------------+--------------+-------------------------+---------------------+------------------------------------+


+-----------------------------------------------------------------------------------------+
; Flow OS Summary                                                                         ;
+---------------------------+------------------+------------+------------+----------------+
; Module Name               ; Machine Hostname ; OS Name    ; OS Version ; Processor type ;
+---------------------------+------------------+------------+------------+----------------+
; Analysis & Synthesis      ; DESKTOP-TES3I6P  ; Windows 10 ; 10.0       ; x86_64         ;
; Fitter                    ; DESKTOP-TES3I6P  ; Windows 10 ; 10.0       ; x86_64         ;
; Assembler                 ; DESKTOP-TES3I6P  ; Windows 10 ; 10.0       ; x86_64         ;
; TimeQuest Timing Analyzer ; DESKTOP-TES3I6P  ; Windows 10 ; 10.0       ; x86_64         ;
; EDA Netlist Writer        ; DESKTOP-TES3I6P  ; Windows 10 ; 10.0       ; x86_64         ;
+---------------------------+------------------+------------+------------+----------------+


------------
; Flow Log ;
------------
quartus_map --read_settings_files=on --write_settings_files=off Micro -c Micro
quartus_fit --read_settings_files=off --write_settings_files=off Micro -c Micro
quartus_asm --read_settings_files=off --write_settings_files=off Micro -c Micro
quartus_sta Micro -c Micro
quartus_eda --read_settings_files=off --write_settings_files=off Micro -c Micro



